<?xml version="1.0" encoding="UTF-8"?>
<testsuite xmlns:xsi="http://www.w3.org/2001/XMLSchema-instance" xsi:noNamespaceSchemaLocation="https://maven.apache.org/surefire/maven-surefire-plugin/xsd/surefire-test-report.xsd" version="3.0.2" name="com.cognizant.orm_learn.OrmLearnApplicationTests" time="4.262" tests="1" errors="0" skipped="0" failures="0">
  <properties>
[...]
</properties>
  <testcase name="contextLoads" classname="com.cognizant.orm_learn.OrmLearnApplicationTests" time="0.741">
    <system-out><![CDATA[08:18:13.031 [main] INFO org.springframework.test.context.support.AnnotationConfigContextLoaderUtils -- Could not detect default configuration classes for test class [com.cognizant.orm_learn.OrmLearnApplicationTests]: OrmLearnApplicationTests does not declare any static, non-private, non-final, nested classes annotated with @Configuration.
08:18:13.168 [main] INFO org.springframework.boot.test.context.SpringBootTestContextBootstrapper -- Found @SpringBootConfiguration com.cognizant.orm_learn.OrmLearnApplication for test class com.cognizant.orm_learn.OrmLearnApplicationTests
08:18:13.369 [main] INFO org.springframework.boot.devtools.restart.RestartApplicationListener -- Restart disabled due to context in which it is running

  .   ____          _            __ _ _
 /\\ / ___'_ __ _ _(_)_ __  __ _ \ \ \ \
( ( )\___ | '_ | '_| | '_ \/ _` | \ \ \ \
 \\/  ___)| |_)| | | | | || (_| |  ) ) ) )
  '  |____| .__|_| |_|_| |_\__, | / / / /
 =========|_|==============|___/=/_/_/_/

 :: Spring Boot ::                (v3.5.3)

18-07-25 08:18:13.730 main                  INFO .OrmLearnApplicationTests               logStarting   53 Starting OrmLearnApplicationTests using Java 21.0.2 with PID 8544 (started by rupin in C:\Users\rupin\Downloads\orm-learn\orm-learn)
18-07-25 08:18:13.733 main                 DEBUG .OrmLearnApplicationTests               logStarting   54 Running with Spring Boot v3.5.3, Spring v6.2.8
18-07-25 08:18:13.733 main                  INFO .OrmLearnApplicationTests     logStartupProfileInfo  652 No active profile set, falling back to 1 default profile: "default"
18-07-25 08:18:14.145 main                  INFO toryConfigurationDelegate    registerRepositoriesIn  145 Bootstrapping Spring Data JPA repositories in DEFAULT mode.
18-07-25 08:18:14.161 main                  INFO toryConfigurationDelegate    registerRepositoriesIn  213 Finished Spring Data repository scanning in 14 ms. Found 0 JPA repository interfaces.
18-07-25 08:18:14.541 main                  INFO o.h.j.i.util.LogHelper    logPersistenceUnitInformation   31 HHH000204: Processing PersistenceUnitInfo [name: default]
18-07-25 08:18:14.609 main                  INFO org.hibernate.Version                    logVersion   44 HHH000412: Hibernate ORM core version 6.6.18.Final
18-07-25 08:18:14.639 main                  INFO .i.RegionFactoryInitiator           initiateService   50 HHH000026: Second-level cache disabled
18-07-25 08:18:14.990 main                  INFO SpringPersistenceUnitInfo            addTransformer   87 No LoadTimeWeaver setup: ignoring JPA class transformer
18-07-25 08:18:15.022 main                  INFO c.z.h.HikariDataSource                getConnection  109 HikariPool-1 - Starting...
18-07-25 08:18:15.483 main                  INFO c.z.h.pool.HikariPool                 checkFailFast  575 HikariPool-1 - Added connection com.mysql.cj.jdbc.ConnectionImpl@1682e6a
18-07-25 08:18:15.483 main                  INFO c.z.h.HikariDataSource                getConnection  122 HikariPool-1 - Start completed.
18-07-25 08:18:15.575 main                  WARN o.h.orm.deprecation                constructDialect  153 HHH90000025: MySQLDialect does not need to be specified explicitly using 'hibernate.dialect' (remove the property setting and it will be selected by default)
18-07-25 08:18:15.610 main                  INFO o.h.o.connections.pooling         logConnectionInfo  163 HHH10001005: Database info:
	Database JDBC URL [Connecting through datasource 'HikariDataSource (HikariPool-1)']
	Database driver: undefined/unknown
	Database version: 8.0.42
	Autocommit mode: undefined/unknown
	Isolation level: undefined/unknown
	Minimum pool size: undefined/unknown
	Maximum pool size: undefined/unknown
18-07-25 08:18:15.626 main                 DEBUG h.t.d.s.s.DdlTypeRegistry             addDescriptor   64 addDescriptor(12, org.hibernate.type.descriptor.sql.internal.CapacityDependentDdlType@36f6d25c) replaced previous registration(org.hibernate.type.descriptor.sql.internal.CapacityDependentDdlType@690df641)
18-07-25 08:18:15.626 main                 DEBUG h.t.d.s.s.DdlTypeRegistry             addDescriptor   64 addDescriptor(-9, org.hibernate.type.descriptor.sql.internal.CapacityDependentDdlType@7db791df) replaced previous registration(org.hibernate.type.descriptor.sql.internal.CapacityDependentDdlType@1bfa5a13)
18-07-25 08:18:15.626 main                 DEBUG h.t.d.s.s.DdlTypeRegistry             addDescriptor   64 addDescriptor(-3, org.hibernate.type.descriptor.sql.internal.CapacityDependentDdlType@1b1e1f02) replaced previous registration(org.hibernate.type.descriptor.sql.internal.CapacityDependentDdlType@1da75dde)
18-07-25 08:18:15.626 main                 DEBUG h.t.d.s.s.DdlTypeRegistry             addDescriptor   64 addDescriptor(4003, org.hibernate.type.descriptor.sql.internal.DdlTypeImpl@5c5f0edc) replaced previous registration(org.hibernate.type.descriptor.sql.internal.DdlTypeImpl@153cfd86)
18-07-25 08:18:15.626 main                 DEBUG h.t.d.s.s.DdlTypeRegistry             addDescriptor   64 addDescriptor(4001, org.hibernate.type.descriptor.sql.internal.DdlTypeImpl@7e31062c) replaced previous registration(org.hibernate.type.descriptor.sql.internal.DdlTypeImpl@595fed99)
18-07-25 08:18:15.626 main                 DEBUG h.t.d.s.s.DdlTypeRegistry             addDescriptor   64 addDescriptor(4002, org.hibernate.type.descriptor.sql.internal.DdlTypeImpl@7d522180) replaced previous registration(org.hibernate.type.descriptor.sql.internal.DdlTypeImpl@ff03361)
18-07-25 08:18:15.626 main                 DEBUG h.t.d.s.s.DdlTypeRegistry             addDescriptor   64 addDescriptor(2004, org.hibernate.type.descriptor.sql.internal.CapacityDependentDdlType@790654d5) replaced previous registration(org.hibernate.type.descriptor.sql.internal.DdlTypeImpl@5f935d49)
18-07-25 08:18:15.626 main                 DEBUG h.t.d.s.s.DdlTypeRegistry             addDescriptor   64 addDescriptor(2005, org.hibernate.type.descriptor.sql.internal.CapacityDependentDdlType@3321291a) replaced previous registration(org.hibernate.type.descriptor.sql.internal.DdlTypeImpl@3dc46f24)
18-07-25 08:18:15.626 main                 DEBUG h.t.d.s.s.DdlTypeRegistry             addDescriptor   64 addDescriptor(2011, org.hibernate.type.descriptor.sql.internal.CapacityDependentDdlType@76af34b5) replaced previous registration(org.hibernate.type.descriptor.sql.internal.DdlTypeImpl@3313463c)
18-07-25 08:18:16.167 main                  INFO .p.i.JtaPlatformInitiator           initiateService   59 HHH000489: No JTA platform available (set 'hibernate.transaction.jta.platform' to enable JTA platform integration)
18-07-25 08:18:16.183 main                  INFO rEntityManagerFactoryBean buildNativeEntityManagerFactory  447 Initialized JPA EntityManagerFactory for persistence unit 'default'
18-07-25 08:18:16.388 main                  INFO .OrmLearnApplicationTests                logStarted   59 Started OrmLearnApplicationTests in 3.035 seconds (process running for 4.087)
]]></system-out>
    <system-err><![CDATA[Mockito is currently self-attaching to enable the inline-mock-maker. This will no longer work in future releases of the JDK. Please add Mockito as an agent to your build as described in Mockito's documentation: https://javadoc.io/doc/org.mockito/mockito-core/latest/org.mockito/org/mockito/Mockito.html#0.3
WARNING: A Java agent has been loaded dynamically (C:\Users\rupin\.m2\repository\net\bytebuddy\byte-buddy-agent\1.17.6\byte-buddy-agent-1.17.6.jar)
WARNING: If a serviceability tool is in use, please run with -XX:+EnableDynamicAgentLoading to hide this warning
WARNING: If a serviceability tool is not in use, please run with -Djdk.instrument.traceUsage for more information
WARNING: Dynamic loading of agents will be disallowed by default in a future release
]]></system-err>
  </testcase>
</testsuite>